

Processing Rails::InfoController#properties (for 127.0.0.1 at 2010-09-07 21:33:56) [GET]
  [4;36;1mSQL (0.4ms)[0m   [0;1m SELECT name
 FROM sqlite_master
 WHERE type = 'table' AND NOT name = 'sqlite_sequence'
[0m
Completed in 225ms (View: 34, DB: 0) | 200 OK [http://localhost/rails/info/properties]


Processing ApplicationController#index (for 127.0.0.1 at 2010-09-07 21:40:27) [GET]

ActionController::RoutingError (No route matches "/public/stylesheets/styles.css" with {:method=>:get}):
  <internal:prelude>:8:in `synchronize'
  /Users/kevin/.rvm/rubies/ruby-1.9.1-p378/lib/ruby/1.9.1/webrick/httpserver.rb:111:in `service'
  /Users/kevin/.rvm/rubies/ruby-1.9.1-p378/lib/ruby/1.9.1/webrick/httpserver.rb:70:in `run'
  /Users/kevin/.rvm/rubies/ruby-1.9.1-p378/lib/ruby/1.9.1/webrick/server.rb:183:in `block in start_thread'

Rendering rescues/layout (not_found)


Processing ApplicationController#index (for 127.0.0.1 at 2010-09-07 21:40:27) [GET]

ActionController::RoutingError (No route matches "/public/stylesheets/960_16.css" with {:method=>:get}):
  <internal:prelude>:8:in `synchronize'
  /Users/kevin/.rvm/rubies/ruby-1.9.1-p378/lib/ruby/1.9.1/webrick/httpserver.rb:111:in `service'
  /Users/kevin/.rvm/rubies/ruby-1.9.1-p378/lib/ruby/1.9.1/webrick/httpserver.rb:70:in `run'
  /Users/kevin/.rvm/rubies/ruby-1.9.1-p378/lib/ruby/1.9.1/webrick/server.rb:183:in `block in start_thread'

Rendering rescues/layout (not_found)


Processing ApplicationController#index (for 127.0.0.1 at 2010-09-07 21:40:27) [GET]

ActionController::RoutingError (No route matches "/public/stylesheets/typeography.css" with {:method=>:get}):
  <internal:prelude>:8:in `synchronize'
  /Users/kevin/.rvm/rubies/ruby-1.9.1-p378/lib/ruby/1.9.1/webrick/httpserver.rb:111:in `service'
  /Users/kevin/.rvm/rubies/ruby-1.9.1-p378/lib/ruby/1.9.1/webrick/httpserver.rb:70:in `run'
  /Users/kevin/.rvm/rubies/ruby-1.9.1-p378/lib/ruby/1.9.1/webrick/server.rb:183:in `block in start_thread'

Rendering rescues/layout (not_found)


Processing ApplicationController#index (for 127.0.0.1 at 2010-09-07 21:40:27) [GET]

ActionController::RoutingError (No route matches "/public/images/iaplogofull.png" with {:method=>:get}):
  <internal:prelude>:8:in `synchronize'
  /Users/kevin/.rvm/rubies/ruby-1.9.1-p378/lib/ruby/1.9.1/webrick/httpserver.rb:111:in `service'
  /Users/kevin/.rvm/rubies/ruby-1.9.1-p378/lib/ruby/1.9.1/webrick/httpserver.rb:70:in `run'
  /Users/kevin/.rvm/rubies/ruby-1.9.1-p378/lib/ruby/1.9.1/webrick/server.rb:183:in `block in start_thread'

Rendering rescues/layout (not_found)


Processing ApplicationController#index (for 127.0.0.1 at 2010-09-07 21:40:27) [GET]

ActionController::RoutingError (No route matches "/public/images/c2a.png" with {:method=>:get}):
  <internal:prelude>:8:in `synchronize'
  /Users/kevin/.rvm/rubies/ruby-1.9.1-p378/lib/ruby/1.9.1/webrick/httpserver.rb:111:in `service'
  /Users/kevin/.rvm/rubies/ruby-1.9.1-p378/lib/ruby/1.9.1/webrick/httpserver.rb:70:in `run'
  /Users/kevin/.rvm/rubies/ruby-1.9.1-p378/lib/ruby/1.9.1/webrick/server.rb:183:in `block in start_thread'

Rendering rescues/layout (not_found)


Processing ApplicationController#index (for 127.0.0.1 at 2010-09-07 21:40:27) [GET]

ActionController::RoutingError (No route matches "/public/images/carousel_4.jpg" with {:method=>:get}):
  <internal:prelude>:8:in `synchronize'
  /Users/kevin/.rvm/rubies/ruby-1.9.1-p378/lib/ruby/1.9.1/webrick/httpserver.rb:111:in `service'
  /Users/kevin/.rvm/rubies/ruby-1.9.1-p378/lib/ruby/1.9.1/webrick/httpserver.rb:70:in `run'
  /Users/kevin/.rvm/rubies/ruby-1.9.1-p378/lib/ruby/1.9.1/webrick/server.rb:183:in `block in start_thread'

Rendering rescues/layout (not_found)


Processing ApplicationController#index (for 127.0.0.1 at 2010-09-07 21:40:32) [GET]

ActionController::RoutingError (No route matches "/public/stylesheets/960_16.css" with {:method=>:get}):
  <internal:prelude>:8:in `synchronize'
  /Users/kevin/.rvm/rubies/ruby-1.9.1-p378/lib/ruby/1.9.1/webrick/httpserver.rb:111:in `service'
  /Users/kevin/.rvm/rubies/ruby-1.9.1-p378/lib/ruby/1.9.1/webrick/httpserver.rb:70:in `run'
  /Users/kevin/.rvm/rubies/ruby-1.9.1-p378/lib/ruby/1.9.1/webrick/server.rb:183:in `block in start_thread'

Rendering rescues/layout (not_found)


Processing ApplicationController#index (for 127.0.0.1 at 2010-09-07 21:40:32) [GET]

ActionController::RoutingError (No route matches "/public/stylesheets/typeography.css" with {:method=>:get}):
  <internal:prelude>:8:in `synchronize'
  /Users/kevin/.rvm/rubies/ruby-1.9.1-p378/lib/ruby/1.9.1/webrick/httpserver.rb:111:in `service'
  /Users/kevin/.rvm/rubies/ruby-1.9.1-p378/lib/ruby/1.9.1/webrick/httpserver.rb:70:in `run'
  /Users/kevin/.rvm/rubies/ruby-1.9.1-p378/lib/ruby/1.9.1/webrick/server.rb:183:in `block in start_thread'

Rendering rescues/layout (not_found)


Processing ApplicationController#index (for 127.0.0.1 at 2010-09-07 21:40:32) [GET]

ActionController::RoutingError (No route matches "/public/stylesheets/styles.css" with {:method=>:get}):
  <internal:prelude>:8:in `synchronize'
  /Users/kevin/.rvm/rubies/ruby-1.9.1-p378/lib/ruby/1.9.1/webrick/httpserver.rb:111:in `service'
  /Users/kevin/.rvm/rubies/ruby-1.9.1-p378/lib/ruby/1.9.1/webrick/httpserver.rb:70:in `run'
  /Users/kevin/.rvm/rubies/ruby-1.9.1-p378/lib/ruby/1.9.1/webrick/server.rb:183:in `block in start_thread'

Rendering rescues/layout (not_found)


Processing ApplicationController#index (for 127.0.0.1 at 2010-09-07 21:40:32) [GET]

ActionController::RoutingError (No route matches "/public/images/c2a.png" with {:method=>:get}):
  <internal:prelude>:8:in `synchronize'
  /Users/kevin/.rvm/rubies/ruby-1.9.1-p378/lib/ruby/1.9.1/webrick/httpserver.rb:111:in `service'
  /Users/kevin/.rvm/rubies/ruby-1.9.1-p378/lib/ruby/1.9.1/webrick/httpserver.rb:70:in `run'
  /Users/kevin/.rvm/rubies/ruby-1.9.1-p378/lib/ruby/1.9.1/webrick/server.rb:183:in `block in start_thread'

Rendering rescues/layout (not_found)


Processing ApplicationController#index (for 127.0.0.1 at 2010-09-07 21:40:32) [GET]

ActionController::RoutingError (No route matches "/public/images/iaplogofull.png" with {:method=>:get}):
  <internal:prelude>:8:in `synchronize'
  /Users/kevin/.rvm/rubies/ruby-1.9.1-p378/lib/ruby/1.9.1/webrick/httpserver.rb:111:in `service'
  /Users/kevin/.rvm/rubies/ruby-1.9.1-p378/lib/ruby/1.9.1/webrick/httpserver.rb:70:in `run'
  /Users/kevin/.rvm/rubies/ruby-1.9.1-p378/lib/ruby/1.9.1/webrick/server.rb:183:in `block in start_thread'

Rendering rescues/layout (not_found)


Processing ApplicationController#index (for 127.0.0.1 at 2010-09-07 21:40:32) [GET]

ActionController::RoutingError (No route matches "/public/images/carousel_4.jpg" with {:method=>:get}):
  <internal:prelude>:8:in `synchronize'
  /Users/kevin/.rvm/rubies/ruby-1.9.1-p378/lib/ruby/1.9.1/webrick/httpserver.rb:111:in `service'
  /Users/kevin/.rvm/rubies/ruby-1.9.1-p378/lib/ruby/1.9.1/webrick/httpserver.rb:70:in `run'
  /Users/kevin/.rvm/rubies/ruby-1.9.1-p378/lib/ruby/1.9.1/webrick/server.rb:183:in `block in start_thread'

Rendering rescues/layout (not_found)


Processing ApplicationController#index (for 127.0.0.1 at 2010-09-07 21:47:08) [GET]

ActionController::RoutingError (No route matches "/public/stylesheets/960_16.css" with {:method=>:get}):
  <internal:prelude>:8:in `synchronize'
  /Users/kevin/.rvm/rubies/ruby-1.9.1-p378/lib/ruby/1.9.1/webrick/httpserver.rb:111:in `service'
  /Users/kevin/.rvm/rubies/ruby-1.9.1-p378/lib/ruby/1.9.1/webrick/httpserver.rb:70:in `run'
  /Users/kevin/.rvm/rubies/ruby-1.9.1-p378/lib/ruby/1.9.1/webrick/server.rb:183:in `block in start_thread'

Rendering rescues/layout (not_found)


Processing ApplicationController#index (for 127.0.0.1 at 2010-09-07 21:47:08) [GET]

ActionController::RoutingError (No route matches "/public/stylesheets/styles.css" with {:method=>:get}):
  <internal:prelude>:8:in `synchronize'
  /Users/kevin/.rvm/rubies/ruby-1.9.1-p378/lib/ruby/1.9.1/webrick/httpserver.rb:111:in `service'
  /Users/kevin/.rvm/rubies/ruby-1.9.1-p378/lib/ruby/1.9.1/webrick/httpserver.rb:70:in `run'
  /Users/kevin/.rvm/rubies/ruby-1.9.1-p378/lib/ruby/1.9.1/webrick/server.rb:183:in `block in start_thread'

Rendering rescues/layout (not_found)


Processing ApplicationController#index (for 127.0.0.1 at 2010-09-07 21:47:08) [GET]

ActionController::RoutingError (No route matches "/public/stylesheets/typeography.css" with {:method=>:get}):
  <internal:prelude>:8:in `synchronize'
  /Users/kevin/.rvm/rubies/ruby-1.9.1-p378/lib/ruby/1.9.1/webrick/httpserver.rb:111:in `service'
  /Users/kevin/.rvm/rubies/ruby-1.9.1-p378/lib/ruby/1.9.1/webrick/httpserver.rb:70:in `run'
  /Users/kevin/.rvm/rubies/ruby-1.9.1-p378/lib/ruby/1.9.1/webrick/server.rb:183:in `block in start_thread'

Rendering rescues/layout (not_found)


Processing ApplicationController#index (for 127.0.0.1 at 2010-09-07 21:47:08) [GET]

ActionController::RoutingError (No route matches "/public/images/carousel_4.jpg" with {:method=>:get}):
  <internal:prelude>:8:in `synchronize'
  /Users/kevin/.rvm/rubies/ruby-1.9.1-p378/lib/ruby/1.9.1/webrick/httpserver.rb:111:in `service'
  /Users/kevin/.rvm/rubies/ruby-1.9.1-p378/lib/ruby/1.9.1/webrick/httpserver.rb:70:in `run'
  /Users/kevin/.rvm/rubies/ruby-1.9.1-p378/lib/ruby/1.9.1/webrick/server.rb:183:in `block in start_thread'

Rendering rescues/layout (not_found)


Processing ApplicationController#index (for 127.0.0.1 at 2010-09-07 21:47:08) [GET]

ActionController::RoutingError (No route matches "/public/images/c2a.png" with {:method=>:get}):
  <internal:prelude>:8:in `synchronize'
  /Users/kevin/.rvm/rubies/ruby-1.9.1-p378/lib/ruby/1.9.1/webrick/httpserver.rb:111:in `service'
  /Users/kevin/.rvm/rubies/ruby-1.9.1-p378/lib/ruby/1.9.1/webrick/httpserver.rb:70:in `run'
  /Users/kevin/.rvm/rubies/ruby-1.9.1-p378/lib/ruby/1.9.1/webrick/server.rb:183:in `block in start_thread'

Rendering rescues/layout (not_found)


Processing ApplicationController#index (for 127.0.0.1 at 2010-09-07 21:47:08) [GET]

ActionController::RoutingError (No route matches "/public/images/iaplogofull.png" with {:method=>:get}):
  <internal:prelude>:8:in `synchronize'
  /Users/kevin/.rvm/rubies/ruby-1.9.1-p378/lib/ruby/1.9.1/webrick/httpserver.rb:111:in `service'
  /Users/kevin/.rvm/rubies/ruby-1.9.1-p378/lib/ruby/1.9.1/webrick/httpserver.rb:70:in `run'
  /Users/kevin/.rvm/rubies/ruby-1.9.1-p378/lib/ruby/1.9.1/webrick/server.rb:183:in `block in start_thread'

Rendering rescues/layout (not_found)


Processing ApplicationController#index (for 127.0.0.1 at 2010-09-07 21:47:13) [GET]

ActionController::RoutingError (No route matches "/home" with {:method=>:get}):
  <internal:prelude>:8:in `synchronize'
  /Users/kevin/.rvm/rubies/ruby-1.9.1-p378/lib/ruby/1.9.1/webrick/httpserver.rb:111:in `service'
  /Users/kevin/.rvm/rubies/ruby-1.9.1-p378/lib/ruby/1.9.1/webrick/httpserver.rb:70:in `run'
  /Users/kevin/.rvm/rubies/ruby-1.9.1-p378/lib/ruby/1.9.1/webrick/server.rb:183:in `block in start_thread'

Rendering rescues/layout (not_found)


Processing ApplicationController#index (for 127.0.0.1 at 2010-09-07 21:47:18) [GET]

ActionController::RoutingError (No route matches "/home/index" with {:method=>:get}):
  <internal:prelude>:8:in `synchronize'
  /Users/kevin/.rvm/rubies/ruby-1.9.1-p378/lib/ruby/1.9.1/webrick/httpserver.rb:111:in `service'
  /Users/kevin/.rvm/rubies/ruby-1.9.1-p378/lib/ruby/1.9.1/webrick/httpserver.rb:70:in `run'
  /Users/kevin/.rvm/rubies/ruby-1.9.1-p378/lib/ruby/1.9.1/webrick/server.rb:183:in `block in start_thread'

Rendering rescues/layout (not_found)


Processing HomeController#index (for 127.0.0.1 at 2010-09-07 21:47:44) [GET]
Rendering home/index
Completed in 125ms (View: 124, DB: 0) | 200 OK [http://localhost/home/index]


Processing ApplicationController#index (for 127.0.0.1 at 2010-09-07 21:47:44) [GET]

ActionController::RoutingError (No route matches "/public/stylesheets/960_16.css" with {:method=>:get}):
  <internal:prelude>:8:in `synchronize'
  /Users/kevin/.rvm/rubies/ruby-1.9.1-p378/lib/ruby/1.9.1/webrick/httpserver.rb:111:in `service'
  /Users/kevin/.rvm/rubies/ruby-1.9.1-p378/lib/ruby/1.9.1/webrick/httpserver.rb:70:in `run'
  /Users/kevin/.rvm/rubies/ruby-1.9.1-p378/lib/ruby/1.9.1/webrick/server.rb:183:in `block in start_thread'

Rendering rescues/layout (not_found)


Processing ApplicationController#index (for 127.0.0.1 at 2010-09-07 21:47:44) [GET]

ActionController::RoutingError (No route matches "/public/stylesheets/styles.css" with {:method=>:get}):
  <internal:prelude>:8:in `synchronize'
  /Users/kevin/.rvm/rubies/ruby-1.9.1-p378/lib/ruby/1.9.1/webrick/httpserver.rb:111:in `service'
  /Users/kevin/.rvm/rubies/ruby-1.9.1-p378/lib/ruby/1.9.1/webrick/httpserver.rb:70:in `run'
  /Users/kevin/.rvm/rubies/ruby-1.9.1-p378/lib/ruby/1.9.1/webrick/server.rb:183:in `block in start_thread'

Rendering rescues/layout (not_found)


Processing ApplicationController#index (for 127.0.0.1 at 2010-09-07 21:47:44) [GET]

ActionController::RoutingError (No route matches "/public/stylesheets/typeography.css" with {:method=>:get}):
  <internal:prelude>:8:in `synchronize'
  /Users/kevin/.rvm/rubies/ruby-1.9.1-p378/lib/ruby/1.9.1/webrick/httpserver.rb:111:in `service'
  /Users/kevin/.rvm/rubies/ruby-1.9.1-p378/lib/ruby/1.9.1/webrick/httpserver.rb:70:in `run'
  /Users/kevin/.rvm/rubies/ruby-1.9.1-p378/lib/ruby/1.9.1/webrick/server.rb:183:in `block in start_thread'

Rendering rescues/layout (not_found)


Processing ApplicationController#index (for 127.0.0.1 at 2010-09-07 21:47:44) [GET]

ActionController::RoutingError (No route matches "/public/images/c2a.png" with {:method=>:get}):
  <internal:prelude>:8:in `synchronize'
  /Users/kevin/.rvm/rubies/ruby-1.9.1-p378/lib/ruby/1.9.1/webrick/httpserver.rb:111:in `service'
  /Users/kevin/.rvm/rubies/ruby-1.9.1-p378/lib/ruby/1.9.1/webrick/httpserver.rb:70:in `run'
  /Users/kevin/.rvm/rubies/ruby-1.9.1-p378/lib/ruby/1.9.1/webrick/server.rb:183:in `block in start_thread'

Rendering rescues/layout (not_found)


Processing ApplicationController#index (for 127.0.0.1 at 2010-09-07 21:47:44) [GET]

ActionController::RoutingError (No route matches "/public/images/carousel_4.jpg" with {:method=>:get}):
  <internal:prelude>:8:in `synchronize'
  /Users/kevin/.rvm/rubies/ruby-1.9.1-p378/lib/ruby/1.9.1/webrick/httpserver.rb:111:in `service'
  /Users/kevin/.rvm/rubies/ruby-1.9.1-p378/lib/ruby/1.9.1/webrick/httpserver.rb:70:in `run'
  /Users/kevin/.rvm/rubies/ruby-1.9.1-p378/lib/ruby/1.9.1/webrick/server.rb:183:in `block in start_thread'

Rendering rescues/layout (not_found)


Processing ApplicationController#index (for 127.0.0.1 at 2010-09-07 21:47:45) [GET]

ActionController::RoutingError (No route matches "/public/images/iaplogofull.png" with {:method=>:get}):
  <internal:prelude>:8:in `synchronize'
  /Users/kevin/.rvm/rubies/ruby-1.9.1-p378/lib/ruby/1.9.1/webrick/httpserver.rb:111:in `service'
  /Users/kevin/.rvm/rubies/ruby-1.9.1-p378/lib/ruby/1.9.1/webrick/httpserver.rb:70:in `run'
  /Users/kevin/.rvm/rubies/ruby-1.9.1-p378/lib/ruby/1.9.1/webrick/server.rb:183:in `block in start_thread'

Rendering rescues/layout (not_found)


Processing HomeController#index (for 127.0.0.1 at 2010-09-07 21:47:50) [GET]
Rendering home/index
Completed in 2ms (View: 1, DB: 0) | 200 OK [http://localhost/home]


Processing ApplicationController#index (for 127.0.0.1 at 2010-09-07 21:47:50) [GET]

ActionController::RoutingError (No route matches "/public/stylesheets/960_16.css" with {:method=>:get}):
  <internal:prelude>:8:in `synchronize'
  /Users/kevin/.rvm/rubies/ruby-1.9.1-p378/lib/ruby/1.9.1/webrick/httpserver.rb:111:in `service'
  /Users/kevin/.rvm/rubies/ruby-1.9.1-p378/lib/ruby/1.9.1/webrick/httpserver.rb:70:in `run'
  /Users/kevin/.rvm/rubies/ruby-1.9.1-p378/lib/ruby/1.9.1/webrick/server.rb:183:in `block in start_thread'

Rendering rescues/layout (not_found)


Processing ApplicationController#index (for 127.0.0.1 at 2010-09-07 21:47:50) [GET]

ActionController::RoutingError (No route matches "/public/stylesheets/typeography.css" with {:method=>:get}):
  <internal:prelude>:8:in `synchronize'
  /Users/kevin/.rvm/rubies/ruby-1.9.1-p378/lib/ruby/1.9.1/webrick/httpserver.rb:111:in `service'
  /Users/kevin/.rvm/rubies/ruby-1.9.1-p378/lib/ruby/1.9.1/webrick/httpserver.rb:70:in `run'
  /Users/kevin/.rvm/rubies/ruby-1.9.1-p378/lib/ruby/1.9.1/webrick/server.rb:183:in `block in start_thread'

Rendering rescues/layout (not_found)


Processing ApplicationController#index (for 127.0.0.1 at 2010-09-07 21:47:51) [GET]

ActionController::RoutingError (No route matches "/public/stylesheets/styles.css" with {:method=>:get}):
  <internal:prelude>:8:in `synchronize'
  /Users/kevin/.rvm/rubies/ruby-1.9.1-p378/lib/ruby/1.9.1/webrick/httpserver.rb:111:in `service'
  /Users/kevin/.rvm/rubies/ruby-1.9.1-p378/lib/ruby/1.9.1/webrick/httpserver.rb:70:in `run'
  /Users/kevin/.rvm/rubies/ruby-1.9.1-p378/lib/ruby/1.9.1/webrick/server.rb:183:in `block in start_thread'

Rendering rescues/layout (not_found)


Processing ApplicationController#index (for 127.0.0.1 at 2010-09-07 21:47:51) [GET]

ActionController::RoutingError (No route matches "/public/images/iaplogofull.png" with {:method=>:get}):
  <internal:prelude>:8:in `synchronize'
  /Users/kevin/.rvm/rubies/ruby-1.9.1-p378/lib/ruby/1.9.1/webrick/httpserver.rb:111:in `service'
  /Users/kevin/.rvm/rubies/ruby-1.9.1-p378/lib/ruby/1.9.1/webrick/httpserver.rb:70:in `run'
  /Users/kevin/.rvm/rubies/ruby-1.9.1-p378/lib/ruby/1.9.1/webrick/server.rb:183:in `block in start_thread'

Rendering rescues/layout (not_found)


Processing ApplicationController#index (for 127.0.0.1 at 2010-09-07 21:47:51) [GET]

ActionController::RoutingError (No route matches "/public/images/c2a.png" with {:method=>:get}):
  <internal:prelude>:8:in `synchronize'
  /Users/kevin/.rvm/rubies/ruby-1.9.1-p378/lib/ruby/1.9.1/webrick/httpserver.rb:111:in `service'
  /Users/kevin/.rvm/rubies/ruby-1.9.1-p378/lib/ruby/1.9.1/webrick/httpserver.rb:70:in `run'
  /Users/kevin/.rvm/rubies/ruby-1.9.1-p378/lib/ruby/1.9.1/webrick/server.rb:183:in `block in start_thread'

Rendering rescues/layout (not_found)


Processing ApplicationController#index (for 127.0.0.1 at 2010-09-07 21:47:51) [GET]

ActionController::RoutingError (No route matches "/public/images/carousel_4.jpg" with {:method=>:get}):
  <internal:prelude>:8:in `synchronize'
  /Users/kevin/.rvm/rubies/ruby-1.9.1-p378/lib/ruby/1.9.1/webrick/httpserver.rb:111:in `service'
  /Users/kevin/.rvm/rubies/ruby-1.9.1-p378/lib/ruby/1.9.1/webrick/httpserver.rb:70:in `run'
  /Users/kevin/.rvm/rubies/ruby-1.9.1-p378/lib/ruby/1.9.1/webrick/server.rb:183:in `block in start_thread'

Rendering rescues/layout (not_found)


Processing HomeController#index (for 127.0.0.1 at 2010-09-07 21:48:13) [GET]
Rendering home/index
Completed in 11ms (View: 10, DB: 0) | 200 OK [http://localhost/home]


Processing ApplicationController#index (for 127.0.0.1 at 2010-09-07 21:48:13) [GET]

ActionController::RoutingError (No route matches "/public/images/carousel_4.jpg" with {:method=>:get}):
  <internal:prelude>:8:in `synchronize'
  /Users/kevin/.rvm/rubies/ruby-1.9.1-p378/lib/ruby/1.9.1/webrick/httpserver.rb:111:in `service'
  /Users/kevin/.rvm/rubies/ruby-1.9.1-p378/lib/ruby/1.9.1/webrick/httpserver.rb:70:in `run'
  /Users/kevin/.rvm/rubies/ruby-1.9.1-p378/lib/ruby/1.9.1/webrick/server.rb:183:in `block in start_thread'

Rendering rescues/layout (not_found)


Processing ApplicationController#index (for 127.0.0.1 at 2010-09-07 21:48:13) [GET]

ActionController::RoutingError (No route matches "/public/images/iaplogofull.png" with {:method=>:get}):
  <internal:prelude>:8:in `synchronize'
  /Users/kevin/.rvm/rubies/ruby-1.9.1-p378/lib/ruby/1.9.1/webrick/httpserver.rb:111:in `service'
  /Users/kevin/.rvm/rubies/ruby-1.9.1-p378/lib/ruby/1.9.1/webrick/httpserver.rb:70:in `run'
  /Users/kevin/.rvm/rubies/ruby-1.9.1-p378/lib/ruby/1.9.1/webrick/server.rb:183:in `block in start_thread'

Rendering rescues/layout (not_found)


Processing ApplicationController#index (for 127.0.0.1 at 2010-09-07 21:48:13) [GET]

ActionController::RoutingError (No route matches "/public/images/c2a.png" with {:method=>:get}):
  <internal:prelude>:8:in `synchronize'
  /Users/kevin/.rvm/rubies/ruby-1.9.1-p378/lib/ruby/1.9.1/webrick/httpserver.rb:111:in `service'
  /Users/kevin/.rvm/rubies/ruby-1.9.1-p378/lib/ruby/1.9.1/webrick/httpserver.rb:70:in `run'
  /Users/kevin/.rvm/rubies/ruby-1.9.1-p378/lib/ruby/1.9.1/webrick/server.rb:183:in `block in start_thread'

Rendering rescues/layout (not_found)


Processing HomeController#index (for 127.0.0.1 at 2010-09-07 21:48:50) [GET]
Rendering home/index
Completed in 11ms (View: 10, DB: 0) | 200 OK [http://localhost/home]


Processing ApplicationController#index (for 127.0.0.1 at 2010-09-07 21:48:51) [GET]

ActionController::RoutingError (No route matches "/.images/iaplogofull.png" with {:method=>:get}):
  <internal:prelude>:8:in `synchronize'
  /Users/kevin/.rvm/rubies/ruby-1.9.1-p378/lib/ruby/1.9.1/webrick/httpserver.rb:111:in `service'
  /Users/kevin/.rvm/rubies/ruby-1.9.1-p378/lib/ruby/1.9.1/webrick/httpserver.rb:70:in `run'
  /Users/kevin/.rvm/rubies/ruby-1.9.1-p378/lib/ruby/1.9.1/webrick/server.rb:183:in `block in start_thread'

Rendering rescues/layout (not_found)


Processing HomeController#index (for 127.0.0.1 at 2010-09-07 21:49:17) [GET]
Rendering home/index
Completed in 47ms (View: 46, DB: 0) | 200 OK [http://localhost/home]


Processing HomeController#index (for 127.0.0.1 at 2010-09-07 22:01:14) [GET]
Rendering home/index
Completed in 146ms (View: 145, DB: 0) | 200 OK [http://localhost/home]


Processing HomeController#index (for 127.0.0.1 at 2010-09-07 22:03:10) [GET]
Rendering home/index
Completed in 15ms (View: 12, DB: 0) | 200 OK [http://localhost/home]


Processing HomeController#index (for 127.0.0.1 at 2010-09-07 22:03:25) [GET]
Rendering home/index
Completed in 11ms (View: 9, DB: 0) | 200 OK [http://localhost/home]


Processing HomeController#index (for 127.0.0.1 at 2010-09-07 22:03:36) [GET]
Rendering home/index
Completed in 12ms (View: 10, DB: 0) | 200 OK [http://localhost/home]


Processing HomeController#index (for 127.0.0.1 at 2010-09-07 22:06:01) [GET]
Rendering home/index
Completed in 12ms (View: 10, DB: 0) | 200 OK [http://localhost/home]


Processing ApplicationController#index (for 127.0.0.1 at 2010-09-07 22:06:02) [GET]

ActionController::RoutingError (No route matches "/images/images/iaplogofull.png" with {:method=>:get}):
  <internal:prelude>:8:in `synchronize'
  /Users/kevin/.rvm/rubies/ruby-1.9.1-p378/lib/ruby/1.9.1/webrick/httpserver.rb:111:in `service'
  /Users/kevin/.rvm/rubies/ruby-1.9.1-p378/lib/ruby/1.9.1/webrick/httpserver.rb:70:in `run'
  /Users/kevin/.rvm/rubies/ruby-1.9.1-p378/lib/ruby/1.9.1/webrick/server.rb:183:in `block in start_thread'

Rendering rescues/layout (not_found)


Processing ApplicationController#index (for 127.0.0.1 at 2010-09-07 22:06:02) [GET]
  Parameters: {"1283913503"=>nil}

ActionController::RoutingError (No route matches "/images/" with {:method=>:get}):
  <internal:prelude>:8:in `synchronize'
  /Users/kevin/.rvm/rubies/ruby-1.9.1-p378/lib/ruby/1.9.1/webrick/httpserver.rb:111:in `service'
  /Users/kevin/.rvm/rubies/ruby-1.9.1-p378/lib/ruby/1.9.1/webrick/httpserver.rb:70:in `run'
  /Users/kevin/.rvm/rubies/ruby-1.9.1-p378/lib/ruby/1.9.1/webrick/server.rb:183:in `block in start_thread'

Rendering rescues/layout (not_found)


Processing HomeController#index (for 127.0.0.1 at 2010-09-07 22:06:47) [GET]
Rendering home/index
Completed in 43ms (View: 41, DB: 0) | 200 OK [http://localhost/home]


Processing HomeController#index (for 127.0.0.1 at 2010-09-07 22:07:37) [GET]
Rendering home/index
Completed in 13ms (View: 11, DB: 0) | 200 OK [http://localhost/home]


Processing HomeController#index (for 127.0.0.1 at 2010-09-07 22:08:17) [GET]
Rendering home/index
Completed in 3ms (View: 2, DB: 0) | 200 OK [http://localhost/home]


Processing HomeController#index (for 127.0.0.1 at 2010-09-07 22:09:32) [GET]
Rendering home/index
Completed in 4ms (View: 2, DB: 0) | 200 OK [http://localhost/home]


Processing HomeController#index (for 127.0.0.1 at 2010-09-07 22:09:58) [GET]
Rendering home/index
Completed in 3ms (View: 2, DB: 0) | 200 OK [http://localhost/home]


Processing HomeController#index (for 127.0.0.1 at 2010-09-07 22:10:09) [GET]
Rendering home/index
Completed in 4ms (View: 2, DB: 0) | 200 OK [http://localhost/home]


Processing HomeController#index (for 127.0.0.1 at 2010-09-07 22:16:48) [GET]
Rendering home/index
Completed in 11ms (View: 10, DB: 0) | 200 OK [http://localhost/home]


Processing HomeController#index (for 127.0.0.1 at 2010-09-07 22:16:51) [GET]
Rendering home/index
Completed in 3ms (View: 1, DB: 0) | 200 OK [http://localhost/]


Processing HomeController#index (for 127.0.0.1 at 2010-09-16 20:57:21) [GET]
Rendering home/index
Completed in 114ms (View: 112, DB: 0) | 200 OK [http://localhost/]


Processing HomeController#index (for 127.0.0.1 at 2010-09-16 21:00:44) [GET]
Rendering home/index
Completed in 3ms (View: 2, DB: 0) | 200 OK [http://localhost/]


Processing HomeController#index (for 127.0.0.1 at 2010-09-16 21:00:47) [GET]
Rendering home/index
Completed in 3ms (View: 2, DB: 0) | 200 OK [http://localhost/]


Processing HomeController#index (for 127.0.0.1 at 2010-09-16 21:01:09) [GET]
Rendering home/index
Completed in 3ms (View: 1, DB: 0) | 200 OK [http://localhost/]


Processing HomeController#index (for 127.0.0.1 at 2010-09-16 21:01:18) [GET]
Rendering home/index
Completed in 3ms (View: 2, DB: 0) | 200 OK [http://localhost/]


Processing HomeController#index (for 127.0.0.1 at 2010-09-16 21:02:52) [GET]
Rendering home/index
Completed in 3ms (View: 1, DB: 0) | 200 OK [http://localhost/]


Processing HomeController#index (for 127.0.0.1 at 2010-09-16 21:03:20) [GET]
Rendering home/index
Completed in 11ms (View: 10, DB: 0) | 200 OK [http://localhost/]


Processing HomeController#index (for 127.0.0.1 at 2010-09-16 21:03:54) [GET]
Rendering home/index
Completed in 2ms (View: 1, DB: 0) | 200 OK [http://localhost/]


Processing HomeController#index (for 127.0.0.1 at 2010-09-16 21:03:59) [GET]
Rendering home/index
Completed in 3ms (View: 1, DB: 0) | 200 OK [http://localhost/]


Processing HomeController#index (for 127.0.0.1 at 2010-09-16 21:06:07) [GET]
Rendering home/index
Completed in 5ms (View: 3, DB: 0) | 200 OK [http://localhost/]


Processing HomeController#index (for 127.0.0.1 at 2010-09-16 21:07:32) [GET]
Rendering home/index
Completed in 3ms (View: 1, DB: 0) | 200 OK [http://localhost/]


Processing HomeController#index (for 127.0.0.1 at 2010-09-16 21:07:44) [GET]
Rendering home/index
Completed in 2ms (View: 1, DB: 0) | 200 OK [http://localhost/]


Processing HomeController#index (for 127.0.0.1 at 2010-09-16 21:09:15) [GET]
Rendering home/index
Completed in 3ms (View: 2, DB: 0) | 200 OK [http://localhost/]


Processing HomeController#index (for 127.0.0.1 at 2010-09-16 21:10:05) [GET]
Rendering home/index
Completed in 3ms (View: 2, DB: 0) | 200 OK [http://localhost/]


Processing HomeController#index (for 127.0.0.1 at 2010-09-16 21:11:46) [GET]
Rendering home/index
Completed in 3ms (View: 1, DB: 0) | 200 OK [http://localhost/]


Processing HomeController#index (for 127.0.0.1 at 2010-09-16 21:12:21) [GET]
Rendering home/index
Completed in 11ms (View: 10, DB: 0) | 200 OK [http://localhost/]


Processing HomeController#index (for 127.0.0.1 at 2010-09-16 21:13:05) [GET]
Rendering home/index
Completed in 14ms (View: 13, DB: 0) | 200 OK [http://localhost/]


Processing HomeController#index (for 127.0.0.1 at 2010-09-16 21:13:25) [GET]
Rendering home/index
Completed in 12ms (View: 11, DB: 0) | 200 OK [http://localhost/]


Processing HomeController#index (for 127.0.0.1 at 2010-09-16 21:13:52) [GET]
Rendering home/index
Completed in 3ms (View: 1, DB: 0) | 200 OK [http://localhost/]


Processing HomeController#index (for 127.0.0.1 at 2010-09-16 21:24:32) [GET]
Rendering home/index
Completed in 13ms (View: 12, DB: 0) | 200 OK [http://localhost/]


Processing HomeController#index (for 127.0.0.1 at 2010-09-16 21:29:31) [GET]
Rendering home/index
Completed in 11ms (View: 10, DB: 0) | 200 OK [http://localhost/]


Processing HomeController#index (for 127.0.0.1 at 2010-09-16 21:29:47) [GET]
Rendering home/index
Completed in 12ms (View: 11, DB: 0) | 200 OK [http://localhost/]


Processing HomeController#index (for 127.0.0.1 at 2010-09-16 21:30:26) [GET]
Rendering home/index
Completed in 42ms (View: 40, DB: 0) | 200 OK [http://localhost/]


Processing HomeController#home (for 127.0.0.1 at 2010-09-16 21:30:29) [GET]

ActionController::UnknownAction (No action responded to home. Actions: about and index):
  <internal:prelude>:8:in `synchronize'
  /Users/kevin/.rvm/rubies/ruby-1.9.1-p378/lib/ruby/1.9.1/webrick/httpserver.rb:111:in `service'
  /Users/kevin/.rvm/rubies/ruby-1.9.1-p378/lib/ruby/1.9.1/webrick/httpserver.rb:70:in `run'
  /Users/kevin/.rvm/rubies/ruby-1.9.1-p378/lib/ruby/1.9.1/webrick/server.rb:183:in `block in start_thread'

Rendering rescues/layout (not_found)


Processing HomeController#home (for 127.0.0.1 at 2010-09-16 21:30:45) [GET]

ActionController::UnknownAction (No action responded to home. Actions: about and index):
  <internal:prelude>:8:in `synchronize'
  /Users/kevin/.rvm/rubies/ruby-1.9.1-p378/lib/ruby/1.9.1/webrick/httpserver.rb:111:in `service'
  /Users/kevin/.rvm/rubies/ruby-1.9.1-p378/lib/ruby/1.9.1/webrick/httpserver.rb:70:in `run'
  /Users/kevin/.rvm/rubies/ruby-1.9.1-p378/lib/ruby/1.9.1/webrick/server.rb:183:in `block in start_thread'

Rendering rescues/layout (not_found)


Processing HomeController#about (for 127.0.0.1 at 2010-09-16 21:30:49) [GET]
Rendering home/about
Completed in 10ms (View: 8, DB: 0) | 200 OK [http://localhost/home/about]


Processing HomeController#index (for 127.0.0.1 at 2010-09-16 21:30:54) [GET]
Rendering home/index
Completed in 11ms (View: 10, DB: 0) | 200 OK [http://localhost/]


Processing HomeController#index (for 127.0.0.1 at 2010-09-16 21:31:42) [GET]
Rendering home/index
Completed in 15ms (View: 14, DB: 0) | 200 OK [http://localhost/]


Processing HomeController#about (for 127.0.0.1 at 2010-09-16 21:31:44) [GET]
Rendering home/about
Completed in 2ms (View: 1, DB: 0) | 200 OK [http://localhost/home/about]


Processing HomeController#home (for 127.0.0.1 at 2010-09-16 21:33:09) [GET]

ActionController::UnknownAction (No action responded to home. Actions: about and index):
  <internal:prelude>:8:in `synchronize'
  /Users/kevin/.rvm/rubies/ruby-1.9.1-p378/lib/ruby/1.9.1/webrick/httpserver.rb:111:in `service'
  /Users/kevin/.rvm/rubies/ruby-1.9.1-p378/lib/ruby/1.9.1/webrick/httpserver.rb:70:in `run'
  /Users/kevin/.rvm/rubies/ruby-1.9.1-p378/lib/ruby/1.9.1/webrick/server.rb:183:in `block in start_thread'

Rendering rescues/layout (not_found)


Processing HomeController#home (for 127.0.0.1 at 2010-09-16 21:33:12) [GET]

ActionController::UnknownAction (No action responded to home. Actions: about and index):
  <internal:prelude>:8:in `synchronize'
  /Users/kevin/.rvm/rubies/ruby-1.9.1-p378/lib/ruby/1.9.1/webrick/httpserver.rb:111:in `service'
  /Users/kevin/.rvm/rubies/ruby-1.9.1-p378/lib/ruby/1.9.1/webrick/httpserver.rb:70:in `run'
  /Users/kevin/.rvm/rubies/ruby-1.9.1-p378/lib/ruby/1.9.1/webrick/server.rb:183:in `block in start_thread'

Rendering rescues/layout (not_found)


Processing HomeController#about (for 127.0.0.1 at 2010-09-16 21:33:17) [GET]
Rendering home/about
Completed in 2ms (View: 1, DB: 0) | 200 OK [http://localhost/home/about]


Processing HomeController#index (for 127.0.0.1 at 2010-09-16 21:33:22) [GET]
Rendering home/index
Completed in 10ms (View: 9, DB: 0) | 200 OK [http://localhost/home/index]


Processing HomeController#index (for 127.0.0.1 at 2010-09-16 21:36:50) [GET]
Rendering home/index
Completed in 2ms (View: 1, DB: 0) | 200 OK [http://localhost/home/index]


Processing HomeController#index (for 127.0.0.1 at 2010-09-16 21:36:54) [GET]
Rendering home/index
Completed in 2ms (View: 1, DB: 0) | 200 OK [http://localhost/]


Processing HomeController#index (for 127.0.0.1 at 2010-09-16 21:36:57) [GET]
Rendering home/index
Completed in 2ms (View: 1, DB: 0) | 200 OK [http://localhost/]


Processing HomeController#index (for 127.0.0.1 at 2010-09-16 21:38:56) [GET]
Rendering template within layouts/application
Rendering home/index
Completed in 14ms (View: 12, DB: 0) | 200 OK [http://localhost/]


Processing HomeController#about (for 127.0.0.1 at 2010-09-16 21:39:02) [GET]
Rendering template within layouts/application
Rendering home/about
Completed in 3ms (View: 2, DB: 0) | 200 OK [http://localhost/home/about]


Processing HomeController#index (for 127.0.0.1 at 2010-09-16 21:39:04) [GET]
Rendering template within layouts/application
Rendering home/index
Completed in 3ms (View: 2, DB: 0) | 200 OK [http://localhost/]


Processing HomeController#index (for 127.0.0.1 at 2010-09-16 21:40:29) [GET]
Rendering template within layouts/application
Rendering home/index
Completed in 57ms (View: 55, DB: 0) | 200 OK [http://localhost/]


Processing HomeController#about (for 127.0.0.1 at 2010-09-16 21:40:31) [GET]
Rendering template within layouts/application
Rendering home/about
Completed in 3ms (View: 1, DB: 0) | 200 OK [http://localhost/home/about]


Processing HomeController#about (for 127.0.0.1 at 2010-09-16 21:40:55) [GET]
Rendering template within layouts/application
Rendering home/about
Completed in 11ms (View: 9, DB: 0) | 200 OK [http://localhost/home/about]


Processing HomeController#about (for 127.0.0.1 at 2010-09-16 21:41:33) [GET]
Rendering template within layouts/application
Rendering home/about
Completed in 10ms (View: 9, DB: 0) | 200 OK [http://localhost/home/about]


Processing HomeController#index (for 127.0.0.1 at 2010-09-16 21:42:33) [GET]
Rendering template within layouts/application
Rendering home/index
Completed in 11ms (View: 10, DB: 0) | 200 OK [http://localhost/]


Processing HomeController#about (for 127.0.0.1 at 2010-09-16 21:42:34) [GET]
Rendering template within layouts/application
Rendering home/about
Completed in 11ms (View: 9, DB: 0) | 200 OK [http://localhost/home/about]


Processing HomeController#about (for 127.0.0.1 at 2010-09-16 21:44:19) [GET]
Rendering template within layouts/application
Rendering home/about
Completed in 14ms (View: 13, DB: 0) | 200 OK [http://localhost/home/about]


Processing HomeController#about (for 127.0.0.1 at 2010-09-16 21:44:32) [GET]
Rendering template within layouts/application
Rendering home/about
Completed in 19ms (View: 17, DB: 0) | 200 OK [http://localhost/home/about]


Processing HomeController#index (for 127.0.0.1 at 2010-09-16 21:45:01) [GET]
Rendering template within layouts/application
Rendering home/index
Completed in 4ms (View: 2, DB: 0) | 200 OK [http://localhost/]


Processing HomeController#index (for 127.0.0.1 at 2010-09-16 21:45:25) [GET]
Rendering template within layouts/application
Rendering home/index
Completed in 3ms (View: 2, DB: 0) | 200 OK [http://localhost/]


Processing HomeController#index (for 127.0.0.1 at 2010-09-16 21:45:32) [GET]
Rendering template within layouts/application
Rendering home/index
Completed in 3ms (View: 2, DB: 0) | 200 OK [http://localhost/]


Processing HomeController#about (for 127.0.0.1 at 2010-09-16 21:45:33) [GET]
Rendering template within layouts/application
Rendering home/about
Completed in 3ms (View: 1, DB: 0) | 200 OK [http://localhost/home/about]


Processing HomeController#index (for 127.0.0.1 at 2010-09-16 21:45:35) [GET]
Rendering template within layouts/application
Rendering home/index
Completed in 3ms (View: 2, DB: 0) | 200 OK [http://localhost/]


Processing HomeController#about (for 127.0.0.1 at 2010-09-16 21:45:36) [GET]
Rendering template within layouts/application
Rendering home/about
Completed in 3ms (View: 1, DB: 0) | 200 OK [http://localhost/home/about]


Processing HomeController#index (for 127.0.0.1 at 2010-09-16 21:45:37) [GET]
Rendering template within layouts/application
Rendering home/index
Completed in 5ms (View: 3, DB: 0) | 200 OK [http://localhost/]


Processing HomeController#about (for 127.0.0.1 at 2010-09-16 21:45:39) [GET]
Rendering template within layouts/application
Rendering home/about
Completed in 3ms (View: 1, DB: 0) | 200 OK [http://localhost/home/about]


Processing HomeController#index (for 127.0.0.1 at 2010-09-16 21:45:40) [GET]
Rendering template within layouts/application
Rendering home/index
Completed in 3ms (View: 2, DB: 0) | 200 OK [http://localhost/]


Processing HomeController#about (for 127.0.0.1 at 2010-09-16 21:45:42) [GET]
Rendering template within layouts/application
Rendering home/about
Completed in 3ms (View: 2, DB: 0) | 200 OK [http://localhost/home/about]


Processing HomeController#index (for 127.0.0.1 at 2010-09-16 21:45:43) [GET]
Rendering template within layouts/application
Rendering home/index
Completed in 3ms (View: 2, DB: 0) | 200 OK [http://localhost/]


Processing HomeController#index (for 127.0.0.1 at 2010-09-16 21:46:09) [GET]
Rendering template within layouts/application
Rendering home/index
Completed in 3ms (View: 2, DB: 0) | 200 OK [http://localhost/]


Processing HomeController#about (for 127.0.0.1 at 2010-09-16 21:46:11) [GET]
Rendering template within layouts/application
Rendering home/about
Completed in 11ms (View: 9, DB: 0) | 200 OK [http://localhost/home/about]


Processing HomeController#about (for 127.0.0.1 at 2010-09-16 21:47:02) [GET]
Rendering template within layouts/application
Rendering home/about
Completed in 11ms (View: 10, DB: 0) | 200 OK [http://localhost/home/about]


Processing HomeController#about (for 127.0.0.1 at 2010-09-16 21:48:48) [GET]
Rendering template within layouts/application
Rendering home/about
Completed in 10ms (View: 9, DB: 0) | 200 OK [http://localhost/home/about]


Processing HomeController#index (for 127.0.0.1 at 2010-09-16 21:49:09) [GET]
Rendering template within layouts/application
Rendering home/index
Completed in 6ms (View: 4, DB: 0) | 200 OK [http://localhost/]


Processing HomeController#index (for 127.0.0.1 at 2010-09-16 22:12:12) [GET]
Rendering template within layouts/application
Rendering home/index
Completed in 20ms (View: 18, DB: 0) | 200 OK [http://localhost/]


Processing HomeController#index (for 127.0.0.1 at 2010-09-16 22:13:54) [GET]
Rendering template within layouts/application
Rendering home/index
Completed in 3ms (View: 2, DB: 0) | 200 OK [http://localhost/]


Processing HomeController#index (for 127.0.0.1 at 2010-09-16 22:14:03) [GET]
Rendering template within layouts/application
Rendering home/index
Completed in 3ms (View: 2, DB: 0) | 200 OK [http://localhost/]


Processing HomeController#index (for 127.0.0.1 at 2010-09-16 22:14:28) [GET]
Rendering template within layouts/application
Rendering home/index
Completed in 11ms (View: 10, DB: 0) | 200 OK [http://localhost/]


Processing HomeController#index (for 127.0.0.1 at 2010-09-16 22:17:22) [GET]
Rendering template within layouts/application
Rendering home/index
Completed in 11ms (View: 10, DB: 0) | 200 OK [http://localhost/]
